<?xml version="1.0" encoding="UTF-8"?>
<!-- Generated by org.testng.reporters.JUnitXMLReporter -->
<testsuite hostname="INAIRLT542237" ignored="1" name="Initial Process" tests="2" failures="0" timestamp="2019-12-26T13:44:18 IST" time="10.144" errors="0">
  <testcase name="GOOGLE1" time="1.937" classname="com.test.UI.GoogleTest"/>
  <testcase name="GOOGLE2" time="2.089" classname="com.test.UI.GoogleTest"/>
  <testcase name="GOOGLE3" time="0.0" classname="com.test.UI.GoogleTest">
    <ignored/>
  </testcase> <!-- GOOGLE3 -->
</testsuite> <!-- Initial Process -->
