<?xml version="1.0" encoding="UTF-8"?>
<!-- Generated by org.testng.reporters.JUnitXMLReporter -->
<testsuite hostname="INAIRLT542237" ignored="2" name="Next Process" tests="1" failures="0" timestamp="2019-12-26T13:44:28 IST" time="10.316" errors="0">
  <testcase name="GOOGLE3" time="2.231" classname="com.test.UI.GoogleTest"/>
  <testcase name="GOOGLE1" time="0.0" classname="com.test.UI.GoogleTest">
    <ignored/>
  </testcase> <!-- GOOGLE1 -->
  <testcase name="GOOGLE2" time="0.0" classname="com.test.UI.GoogleTest">
    <ignored/>
  </testcase> <!-- GOOGLE2 -->
</testsuite> <!-- Next Process -->
