<?xml version="1.0" encoding="UTF-8"?>
<!-- Generated by org.testng.reporters.JUnitXMLReporter -->
<testsuite hostname="INAIRLT542237" ignored="2" name="Next Process" tests="1" failures="0" timestamp="2019-12-26T16:29:35 IST" time="0.052" errors="0">
  <testcase name="@BeforeMethod beforeTestMethod" time="0.0" classname="com.test.UI.GoogleTest">
    <failure type="java.lang.NoClassDefFoundError" message="Could not initialize class io.github.bonigarcia.wdm.WebDriverManager">
      <![CDATA[java.lang.NoClassDefFoundError: Could not initialize class io.github.bonigarcia.wdm.WebDriverManager
at uiUtils.BaseTestWebDriverManager.setup(BaseTestWebDriverManager.java:37)
at com.test.UI.GoogleTest.beforeTestMethod(GoogleTest.java:33)
at java.util.concurrent.ThreadPoolExecutor.runWorker(ThreadPoolExecutor.java:1149)
at java.util.concurrent.ThreadPoolExecutor$Worker.run(ThreadPoolExecutor.java:624)
at java.lang.Thread.run(Thread.java:748)
... Removed 16 stack frames]]>
    </failure>
  </testcase> <!-- @BeforeMethod beforeTestMethod -->
  <testcase name="GOOGLE3" time="0.0" classname="com.test.UI.GoogleTest">
    <skipped/>
  </testcase> <!-- GOOGLE3 -->
  <testcase name="GOOGLE1" time="0.0" classname="com.test.UI.GoogleTest">
    <ignored/>
  </testcase> <!-- GOOGLE1 -->
  <testcase name="GOOGLE2" time="0.0" classname="com.test.UI.GoogleTest">
    <ignored/>
  </testcase> <!-- GOOGLE2 -->
</testsuite> <!-- Next Process -->
